0 info it worked if it ends with ok
1 verbose cli [ 'node', '/usr/local/bin/npm', 'install', 'angular-mocks' ]
2 info using npm@1.4.6
3 info using node@v0.10.15
4 warn package.json @ No description
5 warn package.json @ No repository field.
6 warn package.json @ No README data
7 verbose readDependencies using package.json deps
8 verbose cache add [ 'angular-mocks', null ]
9 verbose cache add name=undefined spec="angular-mocks" args=["angular-mocks",null]
10 verbose parsed url { protocol: null,
10 verbose parsed url   slashes: null,
10 verbose parsed url   auth: null,
10 verbose parsed url   host: null,
10 verbose parsed url   port: null,
10 verbose parsed url   hostname: null,
10 verbose parsed url   hash: null,
10 verbose parsed url   search: null,
10 verbose parsed url   query: null,
10 verbose parsed url   pathname: 'angular-mocks',
10 verbose parsed url   path: 'angular-mocks',
10 verbose parsed url   href: 'angular-mocks' }
11 silly lockFile 8931440b-angular-mocks angular-mocks
12 verbose lock angular-mocks /Users/Haemp/.npm/8931440b-angular-mocks.lock
13 silly lockFile 8931440b-angular-mocks angular-mocks
14 silly lockFile 8931440b-angular-mocks angular-mocks
15 verbose addNamed [ 'angular-mocks', '' ]
16 verbose addNamed [ null, '*' ]
17 silly lockFile e61b77e9-angular-mocks angular-mocks@
18 verbose lock angular-mocks@ /Users/Haemp/.npm/e61b77e9-angular-mocks.lock
19 silly addNameRange { name: 'angular-mocks', range: '*', hasData: false }
20 verbose url raw angular-mocks
21 verbose url resolving [ 'https://registry.npmjs.org/', './angular-mocks' ]
22 verbose url resolved https://registry.npmjs.org/angular-mocks
23 info trying registry request attempt 1 at 13:13:55
24 http GET https://registry.npmjs.org/angular-mocks
25 http 404 https://registry.npmjs.org/angular-mocks
26 silly registry.get cb [ 404,
26 silly registry.get   { date: 'Sat, 05 Apr 2014 12:13:59 GMT',
26 silly registry.get     server: 'CouchDB/1.5.0 (Erlang OTP/R16B)',
26 silly registry.get     'content-type': 'application/json',
26 silly registry.get     via: '1.1 varnish',
26 silly registry.get     'cache-control': 'max-age=0',
26 silly registry.get     'content-length': '52',
26 silly registry.get     'accept-ranges': 'bytes',
26 silly registry.get     age: '0',
26 silly registry.get     'x-served-by': 'cache-v37-ASH, cache-lo81-LHR',
26 silly registry.get     'x-cache': 'MISS, MISS',
26 silly registry.get     'x-cache-hits': '0, 0',
26 silly registry.get     'x-timer': 'S1396700039.181729555,VS0,VS41,VE349,VE385',
26 silly registry.get     'keep-alive': 'timeout=10, max=50',
26 silly registry.get     connection: 'Keep-Alive' } ]
27 silly lockFile e61b77e9-angular-mocks angular-mocks@
28 silly lockFile e61b77e9-angular-mocks angular-mocks@
29 error 404 'angular-mocks' is not in the npm registry.
29 error 404 You should bug the author to publish it
29 error 404
29 error 404 Note that you can also install from a
29 error 404 tarball, folder, or http url, or git url.
30 error System Darwin 13.1.0
31 error command "node" "/usr/local/bin/npm" "install" "angular-mocks"
32 error cwd /Applications/MAMP/htdocs/amplex
33 error node -v v0.10.15
34 error npm -v 1.4.6
35 error code E404
36 verbose exit [ 1, true ]
